<?xml version="1.0" encoding="UTF-8"?>
<testsuite name="com.DariusApp.TeamEventManager.Service.ConverterServiceTest" tests="4" skipped="0" failures="0" errors="0" timestamp="2023-05-18T12:45:11" hostname="HUMLF1A5LVDR" time="0.022">
  <properties/>
  <testcase name="teamEventListToEventListResponse_ReturnsGoodValues()" classname="com.DariusApp.TeamEventManager.Service.ConverterServiceTest" time="0.017"/>
  <testcase name="eventToEventDetail_ReturnsGoodValues()" classname="com.DariusApp.TeamEventManager.Service.ConverterServiceTest" time="0.001"/>
  <testcase name="teamEventListToEventListResponse_ReturnsGoodType()" classname="com.DariusApp.TeamEventManager.Service.ConverterServiceTest" time="0.001"/>
  <testcase name="eventToEventDetail_ReturnsGoodType()" classname="com.DariusApp.TeamEventManager.Service.ConverterServiceTest" time="0.001"/>
  <system-out><![CDATA[]]></system-out>
  <system-err><![CDATA[]]></system-err>
</testsuite>
